<?xml version="1.0" encoding="UTF-8" ?>
<testsuite failures="0" time="0.58" errors="0" skipped="0" tests="3" name="chapter08.code.listing.controller.test.AddBookControllerTestContext">
  <properties>
[...]
</properties>
  <testcase time="0.383" classname="chapter08.code.listing.controller.test.AddBookControllerTestContext" name="testShowAddBookForm"/>
  <testcase time="0" classname="chapter08.code.listing.controller.test.AddBookControllerTestContext" name="testAddBook"/>
  <testcase time="0.085" classname="chapter08.code.listing.controller.test.AddBookControllerTestContext" name="testBook"/>
</testsuite>